<?xml version="1.0" encoding="UTF-8"?>
<testsuite xmlns:xsi="http://www.w3.org/2001/XMLSchema-instance" xsi:noNamespaceSchemaLocation="https://maven.apache.org/surefire/maven-surefire-plugin/xsd/surefire-test-report-3.0.xsd" version="3.0" name="com.example.devops.web.WelcomeControllerTest" time="6.311" tests="1" errors="0" skipped="0" failures="0">
  <properties>
    <property name="awt.toolkit" value="sun.awt.X11.XToolkit"/>
    <property name="java.specification.version" value="11"/>
    <property name="sun.cpu.isalist" value=""/>
    <property name="sun.jnu.encoding" value="UTF-8"/>
    <property name="java.class.path" value="/app/target/test-classes:/app/target/classes:/root/.m2/repository/org/springframework/boot/spring-boot-starter-thymeleaf/1.5.6.RELEASE/spring-boot-starter-thymeleaf-1.5.6.RELEASE.jar:/root/.m2/repository/org/springframework/boot/spring-boot-starter/1.5.6.RELEASE/spring-boot-starter-1.5.6.RELEASE.jar:/root/.m2/repository/org/yaml/snakeyaml/1.17/snakeyaml-1.17.jar:/root/.m2/repository/org/thymeleaf/thymeleaf-spring4/2.1.5.RELEASE/thymeleaf-spring4-2.1.5.RELEASE.jar:/root/.m2/repository/org/thymeleaf/thymeleaf/2.1.5.RELEASE/thymeleaf-2.1.5.RELEASE.jar:/root/.m2/repository/ognl/ognl/3.0.8/ognl-3.0.8.jar:/root/.m2/repository/org/javassist/javassist/3.21.0-GA/javassist-3.21.0-GA.jar:/root/.m2/repository/org/unbescape/unbescape/1.1.0.RELEASE/unbescape-1.1.0.RELEASE.jar:/root/.m2/repository/org/slf4j/slf4j-api/1.7.25/slf4j-api-1.7.25.jar:/root/.m2/repository/nz/net/ultraq/thymeleaf/thymeleaf-layout-dialect/1.4.0/thymeleaf-layout-dialect-1.4.0.jar:/root/.m2/repository/org/codehaus/groovy/groovy/2.4.12/groovy-2.4.12.jar:/root/.m2/repository/org/springframework/boot/spring-boot-starter-web/1.5.6.RELEASE/spring-boot-starter-web-1.5.6.RELEASE.jar:/root/.m2/repository/org/hibernate/hibernate-validator/5.3.5.Final/hibernate-validator-5.3.5.Final.jar:/root/.m2/repository/javax/validation/validation-api/1.1.0.Final/validation-api-1.1.0.Final.jar:/root/.m2/repository/org/jboss/logging/jboss-logging/3.3.1.Final/jboss-logging-3.3.1.Final.jar:/root/.m2/repository/com/fasterxml/classmate/1.3.3/classmate-1.3.3.jar:/root/.m2/repository/com/fasterxml/jackson/core/jackson-databind/2.8.9/jackson-databind-2.8.9.jar:/root/.m2/repository/com/fasterxml/jackson/core/jackson-annotations/2.8.0/jackson-annotations-2.8.0.jar:/root/.m2/repository/com/fasterxml/jackson/core/jackson-core/2.8.9/jackson-core-2.8.9.jar:/root/.m2/repository/org/springframework/spring-web/4.3.10.RELEASE/spring-web-4.3.10.RELEASE.jar:/root/.m2/repository/org/springframework/spring-aop/4.3.10.RELEASE/spring-aop-4.3.10.RELEASE.jar:/root/.m2/repository/org/springframework/spring-beans/4.3.10.RELEASE/spring-beans-4.3.10.RELEASE.jar:/root/.m2/repository/org/springframework/spring-context/4.3.10.RELEASE/spring-context-4.3.10.RELEASE.jar:/root/.m2/repository/org/springframework/spring-webmvc/4.3.10.RELEASE/spring-webmvc-4.3.10.RELEASE.jar:/root/.m2/repository/org/springframework/spring-expression/4.3.10.RELEASE/spring-expression-4.3.10.RELEASE.jar:/root/.m2/repository/org/springframework/boot/spring-boot-starter-logging/1.5.6.RELEASE/spring-boot-starter-logging-1.5.6.RELEASE.jar:/root/.m2/repository/ch/qos/logback/logback-classic/1.1.11/logback-classic-1.1.11.jar:/root/.m2/repository/ch/qos/logback/logback-core/1.1.11/logback-core-1.1.11.jar:/root/.m2/repository/org/slf4j/jcl-over-slf4j/1.7.25/jcl-over-slf4j-1.7.25.jar:/root/.m2/repository/org/slf4j/jul-to-slf4j/1.7.25/jul-to-slf4j-1.7.25.jar:/root/.m2/repository/org/slf4j/log4j-over-slf4j/1.7.25/log4j-over-slf4j-1.7.25.jar:/root/.m2/repository/org/springframework/boot/spring-boot-starter-tomcat/1.5.6.RELEASE/spring-boot-starter-tomcat-1.5.6.RELEASE.jar:/root/.m2/repository/org/apache/tomcat/embed/tomcat-embed-core/8.5.16/tomcat-embed-core-8.5.16.jar:/root/.m2/repository/org/apache/tomcat/embed/tomcat-embed-el/8.5.16/tomcat-embed-el-8.5.16.jar:/root/.m2/repository/org/apache/tomcat/embed/tomcat-embed-websocket/8.5.16/tomcat-embed-websocket-8.5.16.jar:/root/.m2/repository/org/springframework/boot/spring-boot-starter-test/1.5.6.RELEASE/spring-boot-starter-test-1.5.6.RELEASE.jar:/root/.m2/repository/org/springframework/boot/spring-boot-test/1.5.6.RELEASE/spring-boot-test-1.5.6.RELEASE.jar:/root/.m2/repository/org/springframework/boot/spring-boot-test-autoconfigure/1.5.6.RELEASE/spring-boot-test-autoconfigure-1.5.6.RELEASE.jar:/root/.m2/repository/com/jayway/jsonpath/json-path/2.2.0/json-path-2.2.0.jar:/root/.m2/repository/net/minidev/json-smart/2.2.1/json-smart-2.2.1.jar:/root/.m2/repository/net/minidev/accessors-smart/1.1/accessors-smart-1.1.jar:/root/.m2/repository/org/ow2/asm/asm/5.0.3/asm-5.0.3.jar:/root/.m2/repository/junit/junit/4.12/junit-4.12.jar:/root/.m2/repository/org/assertj/assertj-core/2.6.0/assertj-core-2.6.0.jar:/root/.m2/repository/org/mockito/mockito-core/1.10.19/mockito-core-1.10.19.jar:/root/.m2/repository/org/objenesis/objenesis/2.1/objenesis-2.1.jar:/root/.m2/repository/org/hamcrest/hamcrest-core/1.3/hamcrest-core-1.3.jar:/root/.m2/repository/org/hamcrest/hamcrest-library/1.3/hamcrest-library-1.3.jar:/root/.m2/repository/org/skyscreamer/jsonassert/1.4.0/jsonassert-1.4.0.jar:/root/.m2/repository/com/vaadin/external/google/android-json/0.0.20131108.vaadin1/android-json-0.0.20131108.vaadin1.jar:/root/.m2/repository/org/springframework/spring-core/4.3.10.RELEASE/spring-core-4.3.10.RELEASE.jar:/root/.m2/repository/org/springframework/spring-test/4.3.10.RELEASE/spring-test-4.3.10.RELEASE.jar:/root/.m2/repository/org/springframework/boot/spring-boot-devtools/1.5.6.RELEASE/spring-boot-devtools-1.5.6.RELEASE.jar:/root/.m2/repository/org/springframework/boot/spring-boot/1.5.6.RELEASE/spring-boot-1.5.6.RELEASE.jar:/root/.m2/repository/org/springframework/boot/spring-boot-autoconfigure/1.5.6.RELEASE/spring-boot-autoconfigure-1.5.6.RELEASE.jar:"/>
    <property name="java.vm.vendor" value="Oracle Corporation"/>
    <property name="sun.arch.data.model" value="64"/>
    <property name="java.vendor.url" value="https://openjdk.java.net/"/>
    <property name="user.timezone" value="Etc/UTC"/>
    <property name="org.jboss.logging.provider" value="slf4j"/>
    <property name="java.vm.specification.version" value="11"/>
    <property name="os.name" value="Linux"/>
    <property name="sun.java.launcher" value="SUN_STANDARD"/>
    <property name="sun.boot.library.path" value="/usr/local/openjdk-11/lib"/>
    <property name="sun.java.command" value="/app/target/surefire/surefirebooter15170535480066963119.jar /app/target/surefire 2024-09-25T11-13-19_686-jvmRun1 surefire837888400201684844tmp surefire_09250267150419350752tmp"/>
    <property name="jdk.debug" value="release"/>
    <property name="surefire.test.class.path" value="/app/target/test-classes:/app/target/classes:/root/.m2/repository/org/springframework/boot/spring-boot-starter-thymeleaf/1.5.6.RELEASE/spring-boot-starter-thymeleaf-1.5.6.RELEASE.jar:/root/.m2/repository/org/springframework/boot/spring-boot-starter/1.5.6.RELEASE/spring-boot-starter-1.5.6.RELEASE.jar:/root/.m2/repository/org/yaml/snakeyaml/1.17/snakeyaml-1.17.jar:/root/.m2/repository/org/thymeleaf/thymeleaf-spring4/2.1.5.RELEASE/thymeleaf-spring4-2.1.5.RELEASE.jar:/root/.m2/repository/org/thymeleaf/thymeleaf/2.1.5.RELEASE/thymeleaf-2.1.5.RELEASE.jar:/root/.m2/repository/ognl/ognl/3.0.8/ognl-3.0.8.jar:/root/.m2/repository/org/javassist/javassist/3.21.0-GA/javassist-3.21.0-GA.jar:/root/.m2/repository/org/unbescape/unbescape/1.1.0.RELEASE/unbescape-1.1.0.RELEASE.jar:/root/.m2/repository/org/slf4j/slf4j-api/1.7.25/slf4j-api-1.7.25.jar:/root/.m2/repository/nz/net/ultraq/thymeleaf/thymeleaf-layout-dialect/1.4.0/thymeleaf-layout-dialect-1.4.0.jar:/root/.m2/repository/org/codehaus/groovy/groovy/2.4.12/groovy-2.4.12.jar:/root/.m2/repository/org/springframework/boot/spring-boot-starter-web/1.5.6.RELEASE/spring-boot-starter-web-1.5.6.RELEASE.jar:/root/.m2/repository/org/hibernate/hibernate-validator/5.3.5.Final/hibernate-validator-5.3.5.Final.jar:/root/.m2/repository/javax/validation/validation-api/1.1.0.Final/validation-api-1.1.0.Final.jar:/root/.m2/repository/org/jboss/logging/jboss-logging/3.3.1.Final/jboss-logging-3.3.1.Final.jar:/root/.m2/repository/com/fasterxml/classmate/1.3.3/classmate-1.3.3.jar:/root/.m2/repository/com/fasterxml/jackson/core/jackson-databind/2.8.9/jackson-databind-2.8.9.jar:/root/.m2/repository/com/fasterxml/jackson/core/jackson-annotations/2.8.0/jackson-annotations-2.8.0.jar:/root/.m2/repository/com/fasterxml/jackson/core/jackson-core/2.8.9/jackson-core-2.8.9.jar:/root/.m2/repository/org/springframework/spring-web/4.3.10.RELEASE/spring-web-4.3.10.RELEASE.jar:/root/.m2/repository/org/springframework/spring-aop/4.3.10.RELEASE/spring-aop-4.3.10.RELEASE.jar:/root/.m2/repository/org/springframework/spring-beans/4.3.10.RELEASE/spring-beans-4.3.10.RELEASE.jar:/root/.m2/repository/org/springframework/spring-context/4.3.10.RELEASE/spring-context-4.3.10.RELEASE.jar:/root/.m2/repository/org/springframework/spring-webmvc/4.3.10.RELEASE/spring-webmvc-4.3.10.RELEASE.jar:/root/.m2/repository/org/springframework/spring-expression/4.3.10.RELEASE/spring-expression-4.3.10.RELEASE.jar:/root/.m2/repository/org/springframework/boot/spring-boot-starter-logging/1.5.6.RELEASE/spring-boot-starter-logging-1.5.6.RELEASE.jar:/root/.m2/repository/ch/qos/logback/logback-classic/1.1.11/logback-classic-1.1.11.jar:/root/.m2/repository/ch/qos/logback/logback-core/1.1.11/logback-core-1.1.11.jar:/root/.m2/repository/org/slf4j/jcl-over-slf4j/1.7.25/jcl-over-slf4j-1.7.25.jar:/root/.m2/repository/org/slf4j/jul-to-slf4j/1.7.25/jul-to-slf4j-1.7.25.jar:/root/.m2/repository/org/slf4j/log4j-over-slf4j/1.7.25/log4j-over-slf4j-1.7.25.jar:/root/.m2/repository/org/springframework/boot/spring-boot-starter-tomcat/1.5.6.RELEASE/spring-boot-starter-tomcat-1.5.6.RELEASE.jar:/root/.m2/repository/org/apache/tomcat/embed/tomcat-embed-core/8.5.16/tomcat-embed-core-8.5.16.jar:/root/.m2/repository/org/apache/tomcat/embed/tomcat-embed-el/8.5.16/tomcat-embed-el-8.5.16.jar:/root/.m2/repository/org/apache/tomcat/embed/tomcat-embed-websocket/8.5.16/tomcat-embed-websocket-8.5.16.jar:/root/.m2/repository/org/springframework/boot/spring-boot-starter-test/1.5.6.RELEASE/spring-boot-starter-test-1.5.6.RELEASE.jar:/root/.m2/repository/org/springframework/boot/spring-boot-test/1.5.6.RELEASE/spring-boot-test-1.5.6.RELEASE.jar:/root/.m2/repository/org/springframework/boot/spring-boot-test-autoconfigure/1.5.6.RELEASE/spring-boot-test-autoconfigure-1.5.6.RELEASE.jar:/root/.m2/repository/com/jayway/jsonpath/json-path/2.2.0/json-path-2.2.0.jar:/root/.m2/repository/net/minidev/json-smart/2.2.1/json-smart-2.2.1.jar:/root/.m2/repository/net/minidev/accessors-smart/1.1/accessors-smart-1.1.jar:/root/.m2/repository/org/ow2/asm/asm/5.0.3/asm-5.0.3.jar:/root/.m2/repository/junit/junit/4.12/junit-4.12.jar:/root/.m2/repository/org/assertj/assertj-core/2.6.0/assertj-core-2.6.0.jar:/root/.m2/repository/org/mockito/mockito-core/1.10.19/mockito-core-1.10.19.jar:/root/.m2/repository/org/objenesis/objenesis/2.1/objenesis-2.1.jar:/root/.m2/repository/org/hamcrest/hamcrest-core/1.3/hamcrest-core-1.3.jar:/root/.m2/repository/org/hamcrest/hamcrest-library/1.3/hamcrest-library-1.3.jar:/root/.m2/repository/org/skyscreamer/jsonassert/1.4.0/jsonassert-1.4.0.jar:/root/.m2/repository/com/vaadin/external/google/android-json/0.0.20131108.vaadin1/android-json-0.0.20131108.vaadin1.jar:/root/.m2/repository/org/springframework/spring-core/4.3.10.RELEASE/spring-core-4.3.10.RELEASE.jar:/root/.m2/repository/org/springframework/spring-test/4.3.10.RELEASE/spring-test-4.3.10.RELEASE.jar:/root/.m2/repository/org/springframework/boot/spring-boot-devtools/1.5.6.RELEASE/spring-boot-devtools-1.5.6.RELEASE.jar:/root/.m2/repository/org/springframework/boot/spring-boot/1.5.6.RELEASE/spring-boot-1.5.6.RELEASE.jar:/root/.m2/repository/org/springframework/boot/spring-boot-autoconfigure/1.5.6.RELEASE/spring-boot-autoconfigure-1.5.6.RELEASE.jar:"/>
    <property name="sun.cpu.endian" value="little"/>
    <property name="user.home" value="/root"/>
    <property name="user.language" value="en"/>
    <property name="java.specification.vendor" value="Oracle Corporation"/>
    <property name="java.version.date" value="2022-02-08"/>
    <property name="java.home" value="/usr/local/openjdk-11"/>
    <property name="file.separator" value="/"/>
    <property name="basedir" value="/app"/>
    <property name="java.vm.compressedOopsMode" value="32-bit"/>
    <property name="line.separator" value="&#10;"/>
    <property name="java.specification.name" value="Java Platform API Specification"/>
    <property name="java.vm.specification.vendor" value="Oracle Corporation"/>
    <property name="java.awt.graphicsenv" value="sun.awt.X11GraphicsEnvironment"/>
    <property name="java.awt.headless" value="true"/>
    <property name="surefire.real.class.path" value="/app/target/surefire/surefirebooter15170535480066963119.jar"/>
    <property name="sun.management.compiler" value="HotSpot 64-Bit Tiered Compilers"/>
    <property name="java.runtime.version" value="11.0.14.1+1"/>
    <property name="user.name" value="root"/>
    <property name="path.separator" value=":"/>
    <property name="os.version" value="5.15.153.1-microsoft-standard-WSL2"/>
    <property name="java.runtime.name" value="OpenJDK Runtime Environment"/>
    <property name="file.encoding" value="UTF-8"/>
    <property name="spring.beaninfo.ignore" value="true"/>
    <property name="java.vm.name" value="OpenJDK 64-Bit Server VM"/>
    <property name="java.vendor.version" value="18.9"/>
    <property name="localRepository" value="/root/.m2/repository"/>
    <property name="java.vendor.url.bug" value="https://bugreport.java.com/bugreport/"/>
    <property name="java.io.tmpdir" value="/tmp"/>
    <property name="java.version" value="11.0.14.1"/>
    <property name="user.dir" value="/app"/>
    <property name="os.arch" value="amd64"/>
    <property name="java.vm.specification.name" value="Java Virtual Machine Specification"/>
    <property name="PID" value="88"/>
    <property name="java.awt.printerjob" value="sun.print.PSPrinterJob"/>
    <property name="sun.os.patch.level" value="unknown"/>
    <property name="java.library.path" value="/usr/java/packages/lib:/usr/lib64:/lib64:/lib:/usr/lib"/>
    <property name="java.vm.info" value="mixed mode, sharing"/>
    <property name="java.vendor" value="Oracle Corporation"/>
    <property name="java.vm.version" value="11.0.14.1+1"/>
    <property name="sun.io.unicode.encoding" value="UnicodeLittle"/>
    <property name="java.class.version" value="55.0"/>
    <property name="CONSOLE_LOG_PATTERN" value="%d{yyyy-MM-dd HH:mm:ss.SSS} [%-5level] [%t] %c{1} - %msg%n"/>
  </properties>
  <testcase name="testWelcome" classname="com.example.devops.web.WelcomeControllerTest" time="1.488">
    <system-out><![CDATA[2024-09-25 11:13:39.351 [INFO ] [main] o.s.b.t.c.SpringBootTestContextBootstrapper - Neither @ContextConfiguration nor @ContextHierarchy found for test class [com.example.devops.web.WelcomeControllerTest], using SpringBootContextLoader
2024-09-25 11:13:39.385 [INFO ] [main] o.s.t.c.s.AbstractContextLoader - Could not detect default resource locations for test class [com.example.devops.web.WelcomeControllerTest]: no resource found for suffixes {-context.xml, Context.groovy}.
2024-09-25 11:13:39.385 [INFO ] [main] o.s.t.c.s.AnnotationConfigContextLoaderUtils - Could not detect default configuration classes for test class [com.example.devops.web.WelcomeControllerTest]: WelcomeControllerTest does not declare any static, non-private, non-final, nested classes annotated with @Configuration.
2024-09-25 11:13:39.623 [INFO ] [main] o.s.b.t.c.SpringBootTestContextBootstrapper - Found @SpringBootConfiguration com.example.devops.DevopsApplication for test class com.example.devops.web.WelcomeControllerTest
2024-09-25 11:13:39.632 [INFO ] [main] o.s.b.t.c.SpringBootTestContextBootstrapper - Loaded default TestExecutionListener class names from location [META-INF/spring.factories]: [org.springframework.boot.test.mock.mockito.MockitoTestExecutionListener, org.springframework.boot.test.mock.mockito.ResetMocksTestExecutionListener, org.springframework.boot.test.autoconfigure.restdocs.RestDocsTestExecutionListener, org.springframework.boot.test.autoconfigure.web.client.MockRestServiceServerResetTestExecutionListener, org.springframework.boot.test.autoconfigure.web.servlet.MockMvcPrintOnlyOnFailureTestExecutionListener, org.springframework.boot.test.autoconfigure.web.servlet.WebDriverTestExecutionListener, org.springframework.test.context.web.ServletTestExecutionListener, org.springframework.test.context.support.DirtiesContextBeforeModesTestExecutionListener, org.springframework.test.context.support.DependencyInjectionTestExecutionListener, org.springframework.test.context.support.DirtiesContextTestExecutionListener, org.springframework.test.context.transaction.TransactionalTestExecutionListener, org.springframework.test.context.jdbc.SqlScriptsTestExecutionListener]
2024-09-25 11:13:39.644 [INFO ] [main] o.s.b.t.c.SpringBootTestContextBootstrapper - Could not instantiate TestExecutionListener [org.springframework.test.context.transaction.TransactionalTestExecutionListener]. Specify custom listener classes or make the default listener classes (and their required dependencies) available. Offending class: [org/springframework/transaction/interceptor/TransactionAttributeSource]
2024-09-25 11:13:39.647 [INFO ] [main] o.s.b.t.c.SpringBootTestContextBootstrapper - Could not instantiate TestExecutionListener [org.springframework.test.context.jdbc.SqlScriptsTestExecutionListener]. Specify custom listener classes or make the default listener classes (and their required dependencies) available. Offending class: [org/springframework/transaction/interceptor/TransactionAttribute]
2024-09-25 11:13:39.647 [INFO ] [main] o.s.b.t.c.SpringBootTestContextBootstrapper - Using TestExecutionListeners: [org.springframework.test.context.web.ServletTestExecutionListener@551d933f, org.springframework.test.context.support.DirtiesContextBeforeModesTestExecutionListener@56c8c77e, org.springframework.boot.test.autoconfigure.SpringBootDependencyInjectionTestExecutionListener@4df0be5e, org.springframework.test.context.support.DirtiesContextTestExecutionListener@6ca260bf, org.springframework.boot.test.autoconfigure.restdocs.RestDocsTestExecutionListener@551f927f, org.springframework.boot.test.autoconfigure.web.client.MockRestServiceServerResetTestExecutionListener@45fc4c95, org.springframework.boot.test.mock.mockito.MockitoTestExecutionListener@db6183a, org.springframework.boot.test.mock.mockito.ResetMocksTestExecutionListener@72ee36ab, org.springframework.boot.test.autoconfigure.web.servlet.WebDriverTestExecutionListener@5b4bdee3, org.springframework.boot.test.autoconfigure.web.servlet.MockMvcPrintOnlyOnFailureTestExecutionListener@7cf4a9fb]

  .   ____          _            __ _ _
 /\\ / ___'_ __ _ _(_)_ __  __ _ \ \ \ \
( ( )\___ | '_ | '_| | '_ \/ _` | \ \ \ \
 \\/  ___)| |_)| | | | | || (_| |  ) ) ) )
  '  |____| .__|_| |_|_| |_\__, | / / / /
 =========|_|==============|___/=/_/_/_/
 :: Spring Boot ::        (v1.5.6.RELEASE)

2024-09-25 11:13:39.875 [INFO ] [main] c.e.d.w.WelcomeControllerTest - Starting WelcomeControllerTest on b6b35c7e4e28 with PID 88 (started by root in /app)
2024-09-25 11:13:39.875 [INFO ] [main] c.e.d.w.WelcomeControllerTest - No active profile set, falling back to default profiles: default
2024-09-25 11:13:39.880 [INFO ] [main] o.s.w.c.s.GenericWebApplicationContext - Refreshing org.springframework.web.context.support.GenericWebApplicationContext@797bcf4: startup date [Wed Sep 25 11:13:39 UTC 2024]; root of context hierarchy
2024-09-25 11:13:43.167 [INFO ] [main] o.s.w.s.m.m.a.RequestMappingHandlerAdapter - Looking for @ControllerAdvice: org.springframework.web.context.support.GenericWebApplicationContext@797bcf4: startup date [Wed Sep 25 11:13:39 UTC 2024]; root of context hierarchy
2024-09-25 11:13:43.242 [INFO ] [main] o.s.w.s.m.m.a.RequestMappingHandlerMapping - Mapped "{[/]}" onto public java.lang.String com.example.devops.web.WelcomeController.welcome(org.springframework.ui.Model)
2024-09-25 11:13:43.361 [INFO ] [main] o.s.w.s.h.SimpleUrlHandlerMapping - Mapped URL path [/webjars/**] onto handler of type [class org.springframework.web.servlet.resource.ResourceHttpRequestHandler]
2024-09-25 11:13:43.361 [INFO ] [main] o.s.w.s.h.SimpleUrlHandlerMapping - Mapped URL path [/**] onto handler of type [class org.springframework.web.servlet.resource.ResourceHttpRequestHandler]
2024-09-25 11:13:43.490 [INFO ] [main] o.s.w.s.h.SimpleUrlHandlerMapping - Mapped URL path [/**/favicon.ico] onto handler of type [class org.springframework.web.servlet.resource.ResourceHttpRequestHandler]
2024-09-25 11:13:44.181 [INFO ] [main] c.e.d.w.WelcomeControllerTest - Started WelcomeControllerTest in 4.522 seconds (JVM running for 19.795)
2024-09-25 11:13:44.299 [INFO ] [main] o.s.b.t.m.w.SpringBootMockServletContext - Initializing Spring FrameworkServlet ''
2024-09-25 11:13:44.299 [INFO ] [main] o.s.t.w.s.TestDispatcherServlet - FrameworkServlet '': initialization started
2024-09-25 11:13:44.404 [INFO ] [main] o.s.t.w.s.TestDispatcherServlet - FrameworkServlet '': initialization completed in 105 ms
2024-09-25 11:13:44.677 [INFO ] [main] c.e.d.w.WelcomeController - Processing index request
]]></system-out>
  </testcase>
</testsuite>